# JRE version: OpenJDK Runtime Environment (8.0_302-b08) (build 1.8.0_302-b08)
# Java VM: OpenJDK 64-Bit Server VM (25.302-b08 mixed mode linux-amd64 compressed oops)
Heap:
 PSYoungGen      total 267776K, used 26899K [0x000000076d400000, 0x000000077f500000, 0x00000007c0000000)
  eden space 243712K, 11% used [0x000000076d400000,0x000000076ee44d70,0x000000077c200000)
  from space 24064K, 0% used [0x000000077dd80000,0x000000077dd80000,0x000000077f500000)
  to   space 26112K, 0% used [0x000000077c200000,0x000000077c200000,0x000000077db80000)
 ParOldGen       total 130560K, used 27624K [0x00000006c7c00000, 0x00000006cfb80000, 0x000000076d400000)
  object space 130560K, 21% used [0x00000006c7c00000,0x00000006c96fa240,0x00000006cfb80000)
 Metaspace       used 35889K, capacity 37044K, committed 37248K, reserved 1081344K
  class space    used 4931K, capacity 5227K, committed 5248K, reserved 1048576K
GC Heap History (10 events):
Event: 2.941 GC heap before
{Heap before GC invocations=4 (full 0):
 PSYoungGen      total 74752K, used 26878K [0x000000076d400000, 0x0000000776600000, 0x00000007c0000000)
  eden space 64512K, 29% used [0x000000076d400000,0x000000076e68cf80,0x0000000771300000)
  from space 10240K, 76% used [0x0000000771300000,0x0000000771ab28a8,0x0000000771d00000)
  to   space 10240K, 0% used [0x0000000775c00000,0x0000000775c00000,0x0000000776600000)
 ParOldGen       total 171008K, used 16555K [0x00000006c7c00000, 0x00000006d2300000, 0x000000076d400000)
  object space 171008K, 9% used [0x00000006c7c00000,0x00000006c8c2ac70,0x00000006d2300000)
 Metaspace       used 20345K, capacity 21232K, committed 21296K, reserved 1067008K
  class space    used 2655K, capacity 2896K, committed 2944K, reserved 1048576K
Event: 2.948 GC heap after
Heap after GC invocations=4 (full 0):
 PSYoungGen      total 139264K, used 7455K [0x000000076d400000, 0x0000000776600000, 0x00000007c0000000)
  eden space 129024K, 0% used [0x000000076d400000,0x000000076d400000,0x0000000775200000)
  from space 10240K, 72% used [0x0000000775c00000,0x0000000776347ea8,0x0000000776600000)
  to   space 10240K, 0% used [0x0000000775200000,0x0000000775200000,0x0000000775c00000)
 ParOldGen       total 171008K, used 16563K [0x00000006c7c00000, 0x00000006d2300000, 0x000000076d400000)
  object space 171008K, 9% used [0x00000006c7c00000,0x00000006c8c2cc70,0x00000006d2300000)
 Metaspace       used 20345K, capacity 21232K, committed 21296K, reserved 1067008K
  class space    used 2655K, capacity 2896K, committed 2944K, reserved 1048576K
}
Event: 2.948 GC heap before
{Heap before GC invocations=5 (full 1):
 PSYoungGen      total 139264K, used 7455K [0x000000076d400000, 0x0000000776600000, 0x00000007c0000000)
  eden space 129024K, 0% used [0x000000076d400000,0x000000076d400000,0x0000000775200000)
  from space 10240K, 72% used [0x0000000775c00000,0x0000000776347ea8,0x0000000776600000)
  to   space 10240K, 0% used [0x0000000775200000,0x0000000775200000,0x0000000775c00000)
 ParOldGen       total 171008K, used 16563K [0x00000006c7c00000, 0x00000006d2300000, 0x000000076d400000)
  object space 171008K, 9% used [0x00000006c7c00000,0x00000006c8c2cc70,0x00000006d2300000)
 Metaspace       used 20345K, capacity 21232K, committed 21296K, reserved 1067008K
  class space    used 2655K, capacity 2896K, committed 2944K, reserved 1048576K
Event: 2.980 GC heap after
Heap after GC invocations=5 (full 1):
 PSYoungGen      total 139264K, used 0K [0x000000076d400000, 0x0000000776600000, 0x00000007c0000000)
  eden space 129024K, 0% used [0x000000076d400000,0x000000076d400000,0x0000000775200000)
  from space 10240K, 0% used [0x0000000775c00000,0x0000000775c00000,0x0000000776600000)
  to   space 10240K, 0% used [0x0000000775200000,0x0000000775200000,0x0000000775c00000)
 ParOldGen       total 111104K, used 23738K [0x00000006c7c00000, 0x00000006ce880000, 0x000000076d400000)
  object space 111104K, 21% used [0x00000006c7c00000,0x00000006c932e938,0x00000006ce880000)
 Metaspace       used 20345K, capacity 21232K, committed 21296K, reserved 1067008K
  class space    used 2655K, capacity 2896K, committed 2944K, reserved 1048576K
}
Event: 3.799 GC heap before
{Heap before GC invocations=6 (full 1):
 PSYoungGen      total 139264K, used 129024K [0x000000076d400000, 0x0000000776600000, 0x00000007c0000000)
  eden space 129024K, 100% used [0x000000076d400000,0x0000000775200000,0x0000000775200000)
  from space 10240K, 0% used [0x0000000775c00000,0x0000000775c00000,0x0000000776600000)
  to   space 10240K, 0% used [0x0000000775200000,0x0000000775200000,0x0000000775c00000)
 ParOldGen       total 111104K, used 23738K [0x00000006c7c00000, 0x00000006ce880000, 0x000000076d400000)
  object space 111104K, 21% used [0x00000006c7c00000,0x00000006c932e938,0x00000006ce880000)
 Metaspace       used 32366K, capacity 33400K, committed 33664K, reserved 1079296K
  class space    used 4447K, capacity 4701K, committed 4736K, reserved 1048576K
Event: 3.816 GC heap after
Heap after GC invocations=6 (full 1):
 PSYoungGen      total 139264K, used 9414K [0x000000076d400000, 0x000000077f700000, 0x00000007c0000000)
  eden space 129024K, 0% used [0x000000076d400000,0x000000076d400000,0x0000000775200000)
  from space 10240K, 91% used [0x0000000775200000,0x0000000775b31be0,0x0000000775c00000)
  to   space 26112K, 0% used [0x000000077dd80000,0x000000077dd80000,0x000000077f700000)
 ParOldGen       total 111104K, used 32002K [0x00000006c7c00000, 0x00000006ce880000, 0x000000076d400000)
  object space 111104K, 28% used [0x00000006c7c00000,0x00000006c9b40960,0x00000006ce880000)
 Metaspace       used 32366K, capacity 33400K, committed 33664K, reserved 1079296K
  class space    used 4447K, capacity 4701K, committed 4736K, reserved 1048576K
}
Event: 3.986 GC heap before
{Heap before GC invocations=7 (full 1):
 PSYoungGen      total 139264K, used 37318K [0x000000076d400000, 0x000000077f700000, 0x00000007c0000000)
  eden space 129024K, 21% used [0x000000076d400000,0x000000076ef3fc38,0x0000000775200000)
  from space 10240K, 91% used [0x0000000775200000,0x0000000775b31be0,0x0000000775c00000)
  to   space 26112K, 0% used [0x000000077dd80000,0x000000077dd80000,0x000000077f700000)
 ParOldGen       total 111104K, used 32002K [0x00000006c7c00000, 0x00000006ce880000, 0x000000076d400000)
  object space 111104K, 28% used [0x00000006c7c00000,0x00000006c9b40960,0x00000006ce880000)
 Metaspace       used 34205K, capacity 35274K, committed 35456K, reserved 1079296K
  class space    used 4722K, capacity 4990K, committed 4992K, reserved 1048576K
Event: 3.993 GC heap after
Heap after GC invocations=7 (full 1):
 PSYoungGen      total 267776K, used 3996K [0x000000076d400000, 0x000000077f500000, 0x00000007c0000000)
  eden space 243712K, 0% used [0x000000076d400000,0x000000076d400000,0x000000077c200000)
  from space 24064K, 16% used [0x000000077dd80000,0x000000077e1671c0,0x000000077f500000)
  to   space 26112K, 0% used [0x000000077c200000,0x000000077c200000,0x000000077db80000)
 ParOldGen       total 111104K, used 32002K [0x00000006c7c00000, 0x00000006ce880000, 0x000000076d400000)
  object space 111104K, 28% used [0x00000006c7c00000,0x00000006c9b40960,0x00000006ce880000)
 Metaspace       used 34205K, capacity 35274K, committed 35456K, reserved 1079296K
  class space    used 4722K, capacity 4990K, committed 4992K, reserved 1048576K
}
Event: 3.993 GC heap before
{Heap before GC invocations=8 (full 2):
 PSYoungGen      total 267776K, used 3996K [0x000000076d400000, 0x000000077f500000, 0x00000007c0000000)
  eden space 243712K, 0% used [0x000000076d400000,0x000000076d400000,0x000000077c200000)
  from space 24064K, 16% used [0x000000077dd80000,0x000000077e1671c0,0x000000077f500000)
  to   space 26112K, 0% used [0x000000077c200000,0x000000077c200000,0x000000077db80000)
 ParOldGen       total 111104K, used 32002K [0x00000006c7c00000, 0x00000006ce880000, 0x000000076d400000)
  object space 111104K, 28% used [0x00000006c7c00000,0x00000006c9b40960,0x00000006ce880000)
 Metaspace       used 34205K, capacity 35274K, committed 35456K, reserved 1079296K
  class space    used 4722K, capacity 4990K, committed 4992K, reserved 1048576K
Event: 4.036 GC heap after
Heap after GC invocations=8 (full 2):
 PSYoungGen      total 267776K, used 0K [0x000000076d400000, 0x000000077f500000, 0x00000007c0000000)
  eden space 243712K, 0% used [0x000000076d400000,0x000000076d400000,0x000000077c200000)
  from space 24064K, 0% used [0x000000077dd80000,0x000000077dd80000,0x000000077f500000)
  to   space 26112K, 0% used [0x000000077c200000,0x000000077c200000,0x000000077db80000)
 ParOldGen       total 130560K, used 27624K [0x00000006c7c00000, 0x00000006cfb80000, 0x000000076d400000)
  object space 130560K, 21% used [0x00000006c7c00000,0x00000006c96fa240,0x00000006cfb80000)
 Metaspace       used 34205K, capacity 35274K, committed 35456K, reserved 1079296K
  class space    used 4722K, capacity 4990K, committed 4992K, reserved 1048576K
}

