# JRE version: OpenJDK Runtime Environment (8.0_302-b08) (build 1.8.0_302-b08)
# Java VM: OpenJDK 64-Bit Server VM (25.302-b08 mixed mode linux-amd64 compressed oops)
Heap:
 PSYoungGen      total 267264K, used 3997K [0x000000076d400000, 0x000000077f500000, 0x00000007c0000000)
  eden space 243712K, 0% used [0x000000076d400000,0x000000076d400000,0x000000077c200000)
  from space 23552K, 16% used [0x000000077de00000,0x000000077e1e7450,0x000000077f500000)
  to   space 26112K, 0% used [0x000000077c200000,0x000000077c200000,0x000000077db80000)
 ParOldGen       total 111104K, used 23814K [0x00000006c7c00000, 0x00000006ce880000, 0x000000076d400000)
  object space 111104K, 21% used [0x00000006c7c00000,0x00000006c9341bb0,0x00000006ce880000)
 Metaspace       used 34209K, capacity 35278K, committed 35456K, reserved 1079296K
  class space    used 4722K, capacity 4990K, committed 4992K, reserved 1048576K
GC Heap History (10 events):
Event: 2.870 GC heap after
Heap after GC invocations=3 (full 0):
 PSYoungGen      total 74752K, used 7906K [0x000000076d400000, 0x0000000776600000, 0x00000007c0000000)
  eden space 64512K, 0% used [0x000000076d400000,0x000000076d400000,0x0000000771300000)
  from space 10240K, 77% used [0x0000000771300000,0x0000000771ab8808,0x0000000771d00000)
  to   space 10240K, 0% used [0x0000000775c00000,0x0000000775c00000,0x0000000776600000)
 ParOldGen       total 171008K, used 16544K [0x00000006c7c00000, 0x00000006d2300000, 0x000000076d400000)
  object space 171008K, 9% used [0x00000006c7c00000,0x00000006c8c28278,0x00000006d2300000)
 Metaspace       used 20309K, capacity 21232K, committed 21296K, reserved 1067008K
  class space    used 2649K, capacity 2896K, committed 2944K, reserved 1048576K
}
Event: 2.876 GC heap before
{Heap before GC invocations=4 (full 0):
 PSYoungGen      total 74752K, used 26303K [0x000000076d400000, 0x0000000776600000, 0x00000007c0000000)
  eden space 64512K, 28% used [0x000000076d400000,0x000000076e5f7648,0x0000000771300000)
  from space 10240K, 77% used [0x0000000771300000,0x0000000771ab8808,0x0000000771d00000)
  to   space 10240K, 0% used [0x0000000775c00000,0x0000000775c00000,0x0000000776600000)
 ParOldGen       total 171008K, used 16544K [0x00000006c7c00000, 0x00000006d2300000, 0x000000076d400000)
  object space 171008K, 9% used [0x00000006c7c00000,0x00000006c8c28278,0x00000006d2300000)
 Metaspace       used 20345K, capacity 21232K, committed 21296K, reserved 1067008K
  class space    used 2653K, capacity 2896K, committed 2944K, reserved 1048576K
Event: 2.884 GC heap after
Heap after GC invocations=4 (full 0):
 PSYoungGen      total 139264K, used 7467K [0x000000076d400000, 0x0000000776600000, 0x00000007c0000000)
  eden space 129024K, 0% used [0x000000076d400000,0x000000076d400000,0x0000000775200000)
  from space 10240K, 72% used [0x0000000775c00000,0x000000077634ae28,0x0000000776600000)
  to   space 10240K, 0% used [0x0000000775200000,0x0000000775200000,0x0000000775c00000)
 ParOldGen       total 171008K, used 16552K [0x00000006c7c00000, 0x00000006d2300000, 0x000000076d400000)
  object space 171008K, 9% used [0x00000006c7c00000,0x00000006c8c2a278,0x00000006d2300000)
 Metaspace       used 20345K, capacity 21232K, committed 21296K, reserved 1067008K
  class space    used 2653K, capacity 2896K, committed 2944K, reserved 1048576K
}
Event: 2.884 GC heap before
{Heap before GC invocations=5 (full 1):
 PSYoungGen      total 139264K, used 7467K [0x000000076d400000, 0x0000000776600000, 0x00000007c0000000)
  eden space 129024K, 0% used [0x000000076d400000,0x000000076d400000,0x0000000775200000)
  from space 10240K, 72% used [0x0000000775c00000,0x000000077634ae28,0x0000000776600000)
  to   space 10240K, 0% used [0x0000000775200000,0x0000000775200000,0x0000000775c00000)
 ParOldGen       total 171008K, used 16552K [0x00000006c7c00000, 0x00000006d2300000, 0x000000076d400000)
  object space 171008K, 9% used [0x00000006c7c00000,0x00000006c8c2a278,0x00000006d2300000)
 Metaspace       used 20345K, capacity 21232K, committed 21296K, reserved 1067008K
  class space    used 2653K, capacity 2896K, committed 2944K, reserved 1048576K
Event: 2.917 GC heap after
Heap after GC invocations=5 (full 1):
 PSYoungGen      total 139264K, used 0K [0x000000076d400000, 0x0000000776600000, 0x00000007c0000000)
  eden space 129024K, 0% used [0x000000076d400000,0x000000076d400000,0x0000000775200000)
  from space 10240K, 0% used [0x0000000775c00000,0x0000000775c00000,0x0000000776600000)
  to   space 10240K, 0% used [0x0000000775200000,0x0000000775200000,0x0000000775c00000)
 ParOldGen       total 111104K, used 23734K [0x00000006c7c00000, 0x00000006ce880000, 0x000000076d400000)
  object space 111104K, 21% used [0x00000006c7c00000,0x00000006c932dba0,0x00000006ce880000)
 Metaspace       used 20345K, capacity 21232K, committed 21296K, reserved 1067008K
  class space    used 2653K, capacity 2896K, committed 2944K, reserved 1048576K
}
Event: 3.762 GC heap before
{Heap before GC invocations=6 (full 1):
 PSYoungGen      total 139264K, used 129024K [0x000000076d400000, 0x0000000776600000, 0x00000007c0000000)
  eden space 129024K, 100% used [0x000000076d400000,0x0000000775200000,0x0000000775200000)
  from space 10240K, 0% used [0x0000000775c00000,0x0000000775c00000,0x0000000776600000)
  to   space 10240K, 0% used [0x0000000775200000,0x0000000775200000,0x0000000775c00000)
 ParOldGen       total 111104K, used 23734K [0x00000006c7c00000, 0x00000006ce880000, 0x000000076d400000)
  object space 111104K, 21% used [0x00000006c7c00000,0x00000006c932dba0,0x00000006ce880000)
 Metaspace       used 32367K, capacity 33336K, committed 33664K, reserved 1079296K
  class space    used 4448K, capacity 4701K, committed 4736K, reserved 1048576K
Event: 3.771 GC heap after
Heap after GC invocations=6 (full 1):
 PSYoungGen      total 139264K, used 9442K [0x000000076d400000, 0x000000077f780000, 0x00000007c0000000)
  eden space 129024K, 0% used [0x000000076d400000,0x000000076d400000,0x0000000775200000)
  from space 10240K, 92% used [0x0000000775200000,0x0000000775b389b8,0x0000000775c00000)
  to   space 26112K, 0% used [0x000000077de00000,0x000000077de00000,0x000000077f780000)
 ParOldGen       total 111104K, used 23806K [0x00000006c7c00000, 0x00000006ce880000, 0x000000076d400000)
  object space 111104K, 21% used [0x00000006c7c00000,0x00000006c933fbb0,0x00000006ce880000)
 Metaspace       used 32367K, capacity 33336K, committed 33664K, reserved 1079296K
  class space    used 4448K, capacity 4701K, committed 4736K, reserved 1048576K
}
Event: 3.932 GC heap before
{Heap before GC invocations=7 (full 1):
 PSYoungGen      total 139264K, used 37267K [0x000000076d400000, 0x000000077f780000, 0x00000007c0000000)
  eden space 129024K, 21% used [0x000000076d400000,0x000000076ef2c5a8,0x0000000775200000)
  from space 10240K, 92% used [0x0000000775200000,0x0000000775b389b8,0x0000000775c00000)
  to   space 26112K, 0% used [0x000000077de00000,0x000000077de00000,0x000000077f780000)
 ParOldGen       total 111104K, used 23806K [0x00000006c7c00000, 0x00000006ce880000, 0x000000076d400000)
  object space 111104K, 21% used [0x00000006c7c00000,0x00000006c933fbb0,0x00000006ce880000)
 Metaspace       used 34209K, capacity 35278K, committed 35456K, reserved 1079296K
  class space    used 4722K, capacity 4990K, committed 4992K, reserved 1048576K
Event: 3.938 GC heap after
Heap after GC invocations=7 (full 1):
 PSYoungGen      total 267264K, used 3997K [0x000000076d400000, 0x000000077f500000, 0x00000007c0000000)
  eden space 243712K, 0% used [0x000000076d400000,0x000000076d400000,0x000000077c200000)
  from space 23552K, 16% used [0x000000077de00000,0x000000077e1e7450,0x000000077f500000)
  to   space 26112K, 0% used [0x000000077c200000,0x000000077c200000,0x000000077db80000)
 ParOldGen       total 111104K, used 23814K [0x00000006c7c00000, 0x00000006ce880000, 0x000000076d400000)
  object space 111104K, 21% used [0x00000006c7c00000,0x00000006c9341bb0,0x00000006ce880000)
 Metaspace       used 34209K, capacity 35278K, committed 35456K, reserved 1079296K
  class space    used 4722K, capacity 4990K, committed 4992K, reserved 1048576K
}
Event: 3.938 GC heap before
{Heap before GC invocations=8 (full 2):
 PSYoungGen      total 267264K, used 3997K [0x000000076d400000, 0x000000077f500000, 0x00000007c0000000)
  eden space 243712K, 0% used [0x000000076d400000,0x000000076d400000,0x000000077c200000)
  from space 23552K, 16% used [0x000000077de00000,0x000000077e1e7450,0x000000077f500000)
  to   space 26112K, 0% used [0x000000077c200000,0x000000077c200000,0x000000077db80000)
 ParOldGen       total 111104K, used 23814K [0x00000006c7c00000, 0x00000006ce880000, 0x000000076d400000)
  object space 111104K, 21% used [0x00000006c7c00000,0x00000006c9341bb0,0x00000006ce880000)
 Metaspace       used 34209K, capacity 35278K, committed 35456K, reserved 1079296K
  class space    used 4722K, capacity 4990K, committed 4992K, reserved 1048576K

